0 info it worked if it ends with ok
1 verbose cli [ 'C:\\Program Files\\nodejs\\node.exe',
1 verbose cli   'C:\\Program Files\\nodejs\\node_modules\\npm\\bin\\npm-cli.js',
1 verbose cli   'start' ]
2 info using npm@3.10.10
3 info using node@v6.10.0
4 verbose run-script [ 'prestart', 'start', 'poststart' ]
5 info lifecycle angular2-skeleton@1.0.0~prestart: angular2-skeleton@1.0.0
6 silly lifecycle angular2-skeleton@1.0.0~prestart: no script for prestart, continuing
7 info lifecycle angular2-skeleton@1.0.0~start: angular2-skeleton@1.0.0
8 verbose lifecycle angular2-skeleton@1.0.0~start: unsafe-perm in lifecycle true
9 verbose lifecycle angular2-skeleton@1.0.0~start: PATH: C:\Users\carmen\AppData\Roaming\nvm\v6.10.0\node_modules\npm\bin\node-gyp-bin;C:\Users\carmen\Documents\Angular-TypeScript\skeleton\node_modules\.bin;C:\ProgramData\Oracle\Java\javapath;c:\Program Files (x86)\Intel\iCLS Client\;c:\Program Files\Intel\iCLS Client\;C:\WINDOWS\system32;C:\WINDOWS;C:\WINDOWS\System32\Wbem;C:\WINDOWS\System32\WindowsPowerShell\v1.0\;C:\Program Files\Intel\Intel(R) Management Engine Components\DAL;C:\Program Files\Intel\Intel(R) Management Engine Components\IPT;C:\Program Files (x86)\Intel\Intel(R) Management Engine Components\DAL;C:\Program Files (x86)\Intel\Intel(R) Management Engine Components\IPT;C:\Program Files (x86)\SMLNJ\bin\;C:\Users\carmen\.dnx\bin;C:\Program Files\Microsoft DNX\Dnvm\;C:\Program Files\Microsoft SQL Server\130\Tools\Binn\;C:\MinGW\bin;C:\Program Files\Microsoft SQL Server\120\Tools\Binn\;C:\Program Files\Git\cmd;C:\Program Files (x86)\Windows Kits\10\Windows Performance Toolkit\;C:\Program Files\MySQL\MySQL Utilities 1.6\;C:\Program Files\Java\jdk1.8.0_111\bin;%NVM_HOME%;%NVM_SYMLINK%;C:\Users\carmen\AppData\Local\Programs\Python\Python36-32\Scripts\;C:\Users\carmen\AppData\Local\Programs\Python\Python36-32\;C:\Users\carmen\AppData\Local\Microsoft\WindowsApps;C:\Users\carmen\AppData\Roaming\npm;C:\Program Files (x86)\Microsoft VS Code\bin;C:\Program Files (x86)\Atmel\Flip 3.4.7\bin;C:\Users\carmen\AppData\Roaming\nvm;C:\Program Files\nodejs
10 verbose lifecycle angular2-skeleton@1.0.0~start: CWD: C:\Users\carmen\Documents\Angular-TypeScript\skeleton
11 silly lifecycle angular2-skeleton@1.0.0~start: Args: [ '/d /s /c', 'tsc && concurrently "tsc -w" "lite-server" ' ]
12 silly lifecycle angular2-skeleton@1.0.0~start: Returned: code: 3221225786  signal: null
13 info lifecycle angular2-skeleton@1.0.0~start: Failed to exec start script
14 verbose stack Error: angular2-skeleton@1.0.0 start: `tsc && concurrently "tsc -w" "lite-server" `
14 verbose stack Exit status 3221225786
14 verbose stack     at EventEmitter.<anonymous> (C:\Users\carmen\AppData\Roaming\nvm\v6.10.0\node_modules\npm\lib\utils\lifecycle.js:255:16)
14 verbose stack     at emitTwo (events.js:106:13)
14 verbose stack     at EventEmitter.emit (events.js:191:7)
14 verbose stack     at ChildProcess.<anonymous> (C:\Users\carmen\AppData\Roaming\nvm\v6.10.0\node_modules\npm\lib\utils\spawn.js:40:14)
14 verbose stack     at emitTwo (events.js:106:13)
14 verbose stack     at ChildProcess.emit (events.js:191:7)
14 verbose stack     at maybeClose (internal/child_process.js:877:16)
14 verbose stack     at Process.ChildProcess._handle.onexit (internal/child_process.js:226:5)
15 verbose pkgid angular2-skeleton@1.0.0
16 verbose cwd C:\Users\carmen\Documents\Angular-TypeScript\skeleton
17 error Windows_NT 10.0.14393
18 error argv "C:\\Program Files\\nodejs\\node.exe" "C:\\Program Files\\nodejs\\node_modules\\npm\\bin\\npm-cli.js" "start"
19 error node v6.10.0
20 error npm  v3.10.10
21 error code ELIFECYCLE
22 error angular2-skeleton@1.0.0 start: `tsc && concurrently "tsc -w" "lite-server" `
22 error Exit status 3221225786
23 error Failed at the angular2-skeleton@1.0.0 start script 'tsc && concurrently "tsc -w" "lite-server" '.
23 error Make sure you have the latest version of node.js and npm installed.
23 error If you do, this is most likely a problem with the angular2-skeleton package,
23 error not with npm itself.
23 error Tell the author that this fails on your system:
23 error     tsc && concurrently "tsc -w" "lite-server"
23 error You can get information on how to open an issue for this project with:
23 error     npm bugs angular2-skeleton
23 error Or if that isn't available, you can get their info via:
23 error     npm owner ls angular2-skeleton
23 error There is likely additional logging output above.
24 verbose exit [ 1, true ]
